# JRE version: OpenJDK Runtime Environment (8.0_212-b04) (build 1.8.0_212-release-1586-b04)
# Java VM: OpenJDK 64-Bit Server VM (25.212-b04 mixed mode windows-amd64 compressed oops)
Heap:
 PSYoungGen      total 76288K, used 73512K [0x00000000f5580000, 0x00000000fd380000, 0x0000000100000000)
  eden space 65536K, 100% used [0x00000000f5580000,0x00000000f9580000,0x00000000f9580000)
  from space 10752K, 74% used [0x00000000f9580000,0x00000000f9d4a110,0x00000000fa000000)
  to   space 12288K, 46% used [0x00000000fc780000,0x00000000fcd08000,0x00000000fd380000)
 ParOldGen       total 175104K, used 7873K [0x00000000e0000000, 0x00000000eab00000, 0x00000000f5580000)
  object space 175104K, 4% used [0x00000000e0000000,0x00000000e07b0498,0x00000000eab00000)
 Metaspace       used 31850K, capacity 32456K, committed 32768K, reserved 1077248K
  class space    used 4368K, capacity 4587K, committed 4608K, reserved 1048576K
GC Heap History (10 events):
Event: 3.016 GC heap after
Heap after GC invocations=2 (full 0):
 PSYoungGen      total 76288K, used 9334K [0x00000000f5580000, 0x00000000faa80000, 0x0000000100000000)
  eden space 65536K, 0% used [0x00000000f5580000,0x00000000f5580000,0x00000000f9580000)
  from space 10752K, 86% used [0x00000000fa000000,0x00000000fa91dbc8,0x00000000faa80000)
  to   space 10752K, 0% used [0x00000000f9580000,0x00000000f9580000,0x00000000fa000000)
 ParOldGen       total 175104K, used 24K [0x00000000e0000000, 0x00000000eab00000, 0x00000000f5580000)
  object space 175104K, 0% used [0x00000000e0000000,0x00000000e0006000,0x00000000eab00000)
 Metaspace       used 14381K, capacity 14806K, committed 14976K, reserved 1062912K
  class space    used 1993K, capacity 2127K, committed 2176K, reserved 1048576K
}
Event: 4.181 GC heap before
{Heap before GC invocations=3 (full 0):
 PSYoungGen      total 76288K, used 74870K [0x00000000f5580000, 0x00000000faa80000, 0x0000000100000000)
  eden space 65536K, 100% used [0x00000000f5580000,0x00000000f9580000,0x00000000f9580000)
  from space 10752K, 86% used [0x00000000fa000000,0x00000000fa91dbc8,0x00000000faa80000)
  to   space 10752K, 0% used [0x00000000f9580000,0x00000000f9580000,0x00000000fa000000)
 ParOldGen       total 175104K, used 24K [0x00000000e0000000, 0x00000000eab00000, 0x00000000f5580000)
  object space 175104K, 0% used [0x00000000e0000000,0x00000000e0006000,0x00000000eab00000)
 Metaspace       used 19746K, capacity 20294K, committed 20480K, reserved 1067008K
  class space    used 2859K, capacity 3033K, committed 3072K, reserved 1048576K
Event: 4.195 GC heap after
Heap after GC invocations=3 (full 0):
 PSYoungGen      total 76288K, used 10737K [0x00000000f5580000, 0x00000000faa80000, 0x0000000100000000)
  eden space 65536K, 0% used [0x00000000f5580000,0x00000000f5580000,0x00000000f9580000)
  from space 10752K, 99% used [0x00000000f9580000,0x00000000f9ffc690,0x00000000fa000000)
  to   space 10752K, 0% used [0x00000000fa000000,0x00000000fa000000,0x00000000faa80000)
 ParOldGen       total 175104K, used 994K [0x00000000e0000000, 0x00000000eab00000, 0x00000000f5580000)
  object space 175104K, 0% used [0x00000000e0000000,0x00000000e00f8928,0x00000000eab00000)
 Metaspace       used 19746K, capacity 20294K, committed 20480K, reserved 1067008K
  class space    used 2859K, capacity 3033K, committed 3072K, reserved 1048576K
}
Event: 4.391 GC heap before
{Heap before GC invocations=4 (full 0):
 PSYoungGen      total 76288K, used 16558K [0x00000000f5580000, 0x00000000faa80000, 0x0000000100000000)
  eden space 65536K, 8% used [0x00000000f5580000,0x00000000f5b2f538,0x00000000f9580000)
  from space 10752K, 99% used [0x00000000f9580000,0x00000000f9ffc690,0x00000000fa000000)
  to   space 10752K, 0% used [0x00000000fa000000,0x00000000fa000000,0x00000000faa80000)
 ParOldGen       total 175104K, used 994K [0x00000000e0000000, 0x00000000eab00000, 0x00000000f5580000)
  object space 175104K, 0% used [0x00000000e0000000,0x00000000e00f8928,0x00000000eab00000)
 Metaspace       used 20679K, capacity 21190K, committed 21296K, reserved 1067008K
  class space    used 2985K, capacity 3161K, committed 3200K, reserved 1048576K
Event: 4.404 GC heap after
Heap after GC invocations=4 (full 0):
 PSYoungGen      total 76288K, used 8027K [0x00000000f5580000, 0x00000000faa80000, 0x0000000100000000)
  eden space 65536K, 0% used [0x00000000f5580000,0x00000000f5580000,0x00000000f9580000)
  from space 10752K, 74% used [0x00000000fa000000,0x00000000fa7d6e00,0x00000000faa80000)
  to   space 10752K, 0% used [0x00000000f9580000,0x00000000f9580000,0x00000000fa000000)
 ParOldGen       total 175104K, used 1002K [0x00000000e0000000, 0x00000000eab00000, 0x00000000f5580000)
  object space 175104K, 0% used [0x00000000e0000000,0x00000000e00fa928,0x00000000eab00000)
 Metaspace       used 20679K, capacity 21190K, committed 21296K, reserved 1067008K
  class space    used 2985K, capacity 3161K, committed 3200K, reserved 1048576K
}
Event: 4.404 GC heap before
{Heap before GC invocations=5 (full 1):
 PSYoungGen      total 76288K, used 8027K [0x00000000f5580000, 0x00000000faa80000, 0x0000000100000000)
  eden space 65536K, 0% used [0x00000000f5580000,0x00000000f5580000,0x00000000f9580000)
  from space 10752K, 74% used [0x00000000fa000000,0x00000000fa7d6e00,0x00000000faa80000)
  to   space 10752K, 0% used [0x00000000f9580000,0x00000000f9580000,0x00000000fa000000)
 ParOldGen       total 175104K, used 1002K [0x00000000e0000000, 0x00000000eab00000, 0x00000000f5580000)
  object space 175104K, 0% used [0x00000000e0000000,0x00000000e00fa928,0x00000000eab00000)
 Metaspace       used 20679K, capacity 21190K, committed 21296K, reserved 1067008K
  class space    used 2985K, capacity 3161K, committed 3200K, reserved 1048576K
Event: 4.460 GC heap after
Heap after GC invocations=5 (full 1):
 PSYoungGen      total 76288K, used 0K [0x00000000f5580000, 0x00000000faa80000, 0x0000000100000000)
  eden space 65536K, 0% used [0x00000000f5580000,0x00000000f5580000,0x00000000f9580000)
  from space 10752K, 0% used [0x00000000fa000000,0x00000000fa000000,0x00000000faa80000)
  to   space 10752K, 0% used [0x00000000f9580000,0x00000000f9580000,0x00000000fa000000)
 ParOldGen       total 175104K, used 7857K [0x00000000e0000000, 0x00000000eab00000, 0x00000000f5580000)
  object space 175104K, 4% used [0x00000000e0000000,0x00000000e07ac498,0x00000000eab00000)
 Metaspace       used 20679K, capacity 21190K, committed 21296K, reserved 1067008K
  class space    used 2985K, capacity 3161K, committed 3200K, reserved 1048576K
}
Event: 5.812 GC heap before
{Heap before GC invocations=6 (full 1):
 PSYoungGen      total 76288K, used 65536K [0x00000000f5580000, 0x00000000faa80000, 0x0000000100000000)
  eden space 65536K, 100% used [0x00000000f5580000,0x00000000f9580000,0x00000000f9580000)
  from space 10752K, 0% used [0x00000000fa000000,0x00000000fa000000,0x00000000faa80000)
  to   space 10752K, 0% used [0x00000000f9580000,0x00000000f9580000,0x00000000fa000000)
 ParOldGen       total 175104K, used 7857K [0x00000000e0000000, 0x00000000eab00000, 0x00000000f5580000)
  object space 175104K, 4% used [0x00000000e0000000,0x00000000e07ac498,0x00000000eab00000)
 Metaspace       used 29055K, capacity 29578K, committed 29824K, reserved 1075200K
  class space    used 3914K, capacity 4097K, committed 4224K, reserved 1048576K
Event: 5.821 GC heap after
Heap after GC invocations=6 (full 1):
 PSYoungGen      total 76288K, used 7976K [0x00000000f5580000, 0x00000000fd380000, 0x0000000100000000)
  eden space 65536K, 0% used [0x00000000f5580000,0x00000000f5580000,0x00000000f9580000)
  from space 10752K, 74% used [0x00000000f9580000,0x00000000f9d4a110,0x00000000fa000000)
  to   space 12288K, 0% used [0x00000000fc780000,0x00000000fc780000,0x00000000fd380000)
 ParOldGen       total 175104K, used 7865K [0x00000000e0000000, 0x00000000eab00000, 0x00000000f5580000)
  object space 175104K, 4% used [0x00000000e0000000,0x00000000e07ae498,0x00000000eab00000)
 Metaspace       used 29055K, capacity 29578K, committed 29824K, reserved 1075200K
  class space    used 3914K, capacity 4097K, committed 4224K, reserved 1048576K
}
Event: 6.948 GC heap before
{Heap before GC invocations=7 (full 1):
 PSYoungGen      total 76288K, used 73512K [0x00000000f5580000, 0x00000000fd380000, 0x0000000100000000)
  eden space 65536K, 100% used [0x00000000f5580000,0x00000000f9580000,0x00000000f9580000)
  from space 10752K, 74% used [0x00000000f9580000,0x00000000f9d4a110,0x00000000fa000000)
  to   space 12288K, 0% used [0x00000000fc780000,0x00000000fc780000,0x00000000fd380000)
 ParOldGen       total 175104K, used 7865K [0x00000000e0000000, 0x00000000eab00000, 0x00000000f5580000)
  object space 175104K, 4% used [0x00000000e0000000,0x00000000e07ae498,0x00000000eab00000)
 Metaspace       used 31850K, capacity 32456K, committed 32768K, reserved 1077248K
  class space    used 4368K, capacity 4587K, committed 4608K, reserved 1048576K

