# JRE version: OpenJDK Runtime Environment (8.0_212-b04) (build 1.8.0_212-release-1586-b04)
# Java VM: OpenJDK 64-Bit Server VM (25.212-b04 mixed mode windows-amd64 compressed oops)
Heap:
 PSYoungGen      total 122880K, used 19320K [0x00000000f5580000, 0x0000000100000000, 0x0000000100000000)
  eden space 111104K, 17% used [0x00000000f5580000,0x00000000f685e260,0x00000000fc200000)
  from space 11776K, 0% used [0x00000000fc200000,0x00000000fc200000,0x00000000fcd80000)
  to   space 12800K, 0% used [0x00000000ff380000,0x00000000ff380000,0x0000000100000000)
 ParOldGen       total 175104K, used 17758K [0x00000000e0000000, 0x00000000eab00000, 0x00000000f5580000)
  object space 175104K, 10% used [0x00000000e0000000,0x00000000e1157b48,0x00000000eab00000)
 Metaspace       used 36889K, capacity 37922K, committed 38144K, reserved 1081344K
  class space    used 5059K, capacity 5342K, committed 5376K, reserved 1048576K
GC Heap History (10 events):
Event: 5.358 GC heap before
{Heap before GC invocations=5 (full 1):
 PSYoungGen      total 76288K, used 8007K [0x00000000f5580000, 0x00000000fea80000, 0x0000000100000000)
  eden space 65536K, 0% used [0x00000000f5580000,0x00000000f5580000,0x00000000f9580000)
  from space 10752K, 74% used [0x00000000fa000000,0x00000000fa7d1df0,0x00000000faa80000)
  to   space 10752K, 0% used [0x00000000f9580000,0x00000000f9580000,0x00000000fa000000)
 ParOldGen       total 175104K, used 968K [0x00000000e0000000, 0x00000000eab00000, 0x00000000f5580000)
  object space 175104K, 0% used [0x00000000e0000000,0x00000000e00f2040,0x00000000eab00000)
 Metaspace       used 20692K, capacity 21186K, committed 21296K, reserved 1067008K
  class space    used 2985K, capacity 3161K, committed 3200K, reserved 1048576K
Event: 5.406 GC heap after
Heap after GC invocations=5 (full 1):
 PSYoungGen      total 76288K, used 0K [0x00000000f5580000, 0x00000000fea80000, 0x0000000100000000)
  eden space 65536K, 0% used [0x00000000f5580000,0x00000000f5580000,0x00000000f9580000)
  from space 10752K, 0% used [0x00000000fa000000,0x00000000fa000000,0x00000000faa80000)
  to   space 10752K, 0% used [0x00000000f9580000,0x00000000f9580000,0x00000000fa000000)
 ParOldGen       total 175104K, used 7869K [0x00000000e0000000, 0x00000000eab00000, 0x00000000f5580000)
  object space 175104K, 4% used [0x00000000e0000000,0x00000000e07af770,0x00000000eab00000)
 Metaspace       used 20692K, capacity 21186K, committed 21296K, reserved 1067008K
  class space    used 2985K, capacity 3161K, committed 3200K, reserved 1048576K
}
Event: 6.563 GC heap before
{Heap before GC invocations=6 (full 1):
 PSYoungGen      total 76288K, used 65536K [0x00000000f5580000, 0x00000000fea80000, 0x0000000100000000)
  eden space 65536K, 100% used [0x00000000f5580000,0x00000000f9580000,0x00000000f9580000)
  from space 10752K, 0% used [0x00000000fa000000,0x00000000fa000000,0x00000000faa80000)
  to   space 10752K, 0% used [0x00000000f9580000,0x00000000f9580000,0x00000000fa000000)
 ParOldGen       total 175104K, used 7869K [0x00000000e0000000, 0x00000000eab00000, 0x00000000f5580000)
  object space 175104K, 4% used [0x00000000e0000000,0x00000000e07af770,0x00000000eab00000)
 Metaspace       used 29056K, capacity 29542K, committed 29696K, reserved 1075200K
  class space    used 3909K, capacity 4065K, committed 4096K, reserved 1048576K
Event: 6.578 GC heap after
Heap after GC invocations=6 (full 1):
 PSYoungGen      total 76288K, used 7993K [0x00000000f5580000, 0x00000000fdc00000, 0x0000000100000000)
  eden space 65536K, 0% used [0x00000000f5580000,0x00000000f5580000,0x00000000f9580000)
  from space 10752K, 74% used [0x00000000f9580000,0x00000000f9d4e508,0x00000000fa000000)
  to   space 12288K, 0% used [0x00000000fd000000,0x00000000fd000000,0x00000000fdc00000)
 ParOldGen       total 175104K, used 7877K [0x00000000e0000000, 0x00000000eab00000, 0x00000000f5580000)
  object space 175104K, 4% used [0x00000000e0000000,0x00000000e07b1770,0x00000000eab00000)
 Metaspace       used 29056K, capacity 29542K, committed 29696K, reserved 1075200K
  class space    used 3909K, capacity 4065K, committed 4096K, reserved 1048576K
}
Event: 7.577 GC heap before
{Heap before GC invocations=7 (full 1):
 PSYoungGen      total 76288K, used 73529K [0x00000000f5580000, 0x00000000fdc00000, 0x0000000100000000)
  eden space 65536K, 100% used [0x00000000f5580000,0x00000000f9580000,0x00000000f9580000)
  from space 10752K, 74% used [0x00000000f9580000,0x00000000f9d4e508,0x00000000fa000000)
  to   space 12288K, 0% used [0x00000000fd000000,0x00000000fd000000,0x00000000fdc00000)
 ParOldGen       total 175104K, used 7877K [0x00000000e0000000, 0x00000000eab00000, 0x00000000f5580000)
  object space 175104K, 4% used [0x00000000e0000000,0x00000000e07b1770,0x00000000eab00000)
 Metaspace       used 31877K, capacity 32452K, committed 32768K, reserved 1077248K
  class space    used 4366K, capacity 4587K, committed 4608K, reserved 1048576K
Event: 7.589 GC heap after
Heap after GC invocations=7 (full 1):
 PSYoungGen      total 120320K, used 8349K [0x00000000f5580000, 0x00000000fd900000, 0x0000000100000000)
  eden space 111104K, 0% used [0x00000000f5580000,0x00000000f5580000,0x00000000fc200000)
  from space 9216K, 90% used [0x00000000fd000000,0x00000000fd8276f0,0x00000000fd900000)
  to   space 11776K, 0% used [0x00000000fc200000,0x00000000fc200000,0x00000000fcd80000)
 ParOldGen       total 175104K, used 7885K [0x00000000e0000000, 0x00000000eab00000, 0x00000000f5580000)
  object space 175104K, 4% used [0x00000000e0000000,0x00000000e07b3770,0x00000000eab00000)
 Metaspace       used 31877K, capacity 32452K, committed 32768K, reserved 1077248K
  class space    used 4366K, capacity 4587K, committed 4608K, reserved 1048576K
}
Event: 8.516 GC heap before
{Heap before GC invocations=8 (full 1):
 PSYoungGen      total 120320K, used 71572K [0x00000000f5580000, 0x00000000fd900000, 0x0000000100000000)
  eden space 111104K, 56% used [0x00000000f5580000,0x00000000f933d948,0x00000000fc200000)
  from space 9216K, 90% used [0x00000000fd000000,0x00000000fd8276f0,0x00000000fd900000)
  to   space 11776K, 0% used [0x00000000fc200000,0x00000000fc200000,0x00000000fcd80000)
 ParOldGen       total 175104K, used 7885K [0x00000000e0000000, 0x00000000eab00000, 0x00000000f5580000)
  object space 175104K, 4% used [0x00000000e0000000,0x00000000e07b3770,0x00000000eab00000)
 Metaspace       used 34583K, capacity 35436K, committed 35456K, reserved 1079296K
  class space    used 4746K, capacity 4989K, committed 4992K, reserved 1048576K
Event: 8.544 GC heap after
Heap after GC invocations=8 (full 1):
 PSYoungGen      total 122880K, used 10948K [0x00000000f5580000, 0x0000000100000000, 0x0000000100000000)
  eden space 111104K, 0% used [0x00000000f5580000,0x00000000f5580000,0x00000000fc200000)
  from space 11776K, 92% used [0x00000000fc200000,0x00000000fccb1030,0x00000000fcd80000)
  to   space 12800K, 0% used [0x00000000ff380000,0x00000000ff380000,0x0000000100000000)
 ParOldGen       total 175104K, used 7893K [0x00000000e0000000, 0x00000000eab00000, 0x00000000f5580000)
  object space 175104K, 4% used [0x00000000e0000000,0x00000000e07b5770,0x00000000eab00000)
 Metaspace       used 34583K, capacity 35436K, committed 35456K, reserved 1079296K
  class space    used 4746K, capacity 4989K, committed 4992K, reserved 1048576K
}
Event: 8.544 GC heap before
{Heap before GC invocations=9 (full 2):
 PSYoungGen      total 122880K, used 10948K [0x00000000f5580000, 0x0000000100000000, 0x0000000100000000)
  eden space 111104K, 0% used [0x00000000f5580000,0x00000000f5580000,0x00000000fc200000)
  from space 11776K, 92% used [0x00000000fc200000,0x00000000fccb1030,0x00000000fcd80000)
  to   space 12800K, 0% used [0x00000000ff380000,0x00000000ff380000,0x0000000100000000)
 ParOldGen       total 175104K, used 7893K [0x00000000e0000000, 0x00000000eab00000, 0x00000000f5580000)
  object space 175104K, 4% used [0x00000000e0000000,0x00000000e07b5770,0x00000000eab00000)
 Metaspace       used 34583K, capacity 35436K, committed 35456K, reserved 1079296K
  class space    used 4746K, capacity 4989K, committed 4992K, reserved 1048576K
Event: 8.625 GC heap after
Heap after GC invocations=9 (full 2):
 PSYoungGen      total 122880K, used 0K [0x00000000f5580000, 0x0000000100000000, 0x0000000100000000)
  eden space 111104K, 0% used [0x00000000f5580000,0x00000000f5580000,0x00000000fc200000)
  from space 11776K, 0% used [0x00000000fc200000,0x00000000fc200000,0x00000000fcd80000)
  to   space 12800K, 0% used [0x00000000ff380000,0x00000000ff380000,0x0000000100000000)
 ParOldGen       total 175104K, used 17758K [0x00000000e0000000, 0x00000000eab00000, 0x00000000f5580000)
  object space 175104K, 10% used [0x00000000e0000000,0x00000000e1157b48,0x00000000eab00000)
 Metaspace       used 34577K, capacity 35418K, committed 35456K, reserved 1079296K
  class space    used 4744K, capacity 4986K, committed 4992K, reserved 1048576K
}

