# JRE version: OpenJDK Runtime Environment (8.0_212-b04) (build 1.8.0_212-release-1586-b04)
# Java VM: OpenJDK 64-Bit Server VM (25.212-b04 mixed mode windows-amd64 compressed oops)
Heap:
 PSYoungGen      total 151552K, used 94448K [0x00000000f5580000, 0x0000000100000000, 0x0000000100000000)
  eden space 130560K, 59% used [0x00000000f5580000,0x00000000fa14a020,0x00000000fd500000)
  from space 20992K, 80% used [0x00000000feb80000,0x00000000ffbf2280,0x0000000100000000)
  to   space 22016K, 0% used [0x00000000fd500000,0x00000000fd500000,0x00000000fea80000)
 ParOldGen       total 230912K, used 35560K [0x00000000e0000000, 0x00000000ee180000, 0x00000000f5580000)
  object space 230912K, 15% used [0x00000000e0000000,0x00000000e22ba218,0x00000000ee180000)
 Metaspace       used 64990K, capacity 67422K, committed 67584K, reserved 1107968K
  class space    used 8816K, capacity 9353K, committed 9472K, reserved 1048576K
GC Heap History (10 events):
Event: 16.126 GC heap before
{Heap before GC invocations=11 (full 2):
 PSYoungGen      total 157696K, used 157675K [0x00000000f5580000, 0x0000000100000000, 0x0000000100000000)
  eden space 144896K, 100% used [0x00000000f5580000,0x00000000fe300000,0x00000000fe300000)
  from space 12800K, 99% used [0x00000000ff380000,0x00000000ffffadf0,0x0000000100000000)
  to   space 14848K, 0% used [0x00000000fe300000,0x00000000fe300000,0x00000000ff180000)
 ParOldGen       total 175104K, used 19810K [0x00000000e0000000, 0x00000000eab00000, 0x00000000f5580000)
  object space 175104K, 11% used [0x00000000e0000000,0x00000000e1358800,0x00000000eab00000)
 Metaspace       used 54726K, capacity 56524K, committed 56704K, reserved 1097728K
  class space    used 7549K, capacity 7998K, committed 8064K, reserved 1048576K
Event: 16.164 GC heap after
Heap after GC invocations=11 (full 2):
 PSYoungGen      total 159744K, used 14845K [0x00000000f5580000, 0x0000000100000000, 0x0000000100000000)
  eden space 144896K, 0% used [0x00000000f5580000,0x00000000f5580000,0x00000000fe300000)
  from space 14848K, 99% used [0x00000000fe300000,0x00000000ff17f578,0x00000000ff180000)
  to   space 14848K, 0% used [0x00000000ff180000,0x00000000ff180000,0x0000000100000000)
 ParOldGen       total 175104K, used 26204K [0x00000000e0000000, 0x00000000eab00000, 0x00000000f5580000)
  object space 175104K, 14% used [0x00000000e0000000,0x00000000e1997360,0x00000000eab00000)
 Metaspace       used 54726K, capacity 56524K, committed 56704K, reserved 1097728K
  class space    used 7549K, capacity 7998K, committed 8064K, reserved 1048576K
}
Event: 17.794 GC heap before
{Heap before GC invocations=12 (full 2):
 PSYoungGen      total 159744K, used 68533K [0x00000000f5580000, 0x0000000100000000, 0x0000000100000000)
  eden space 144896K, 37% used [0x00000000f5580000,0x00000000f89edf70,0x00000000fe300000)
  from space 14848K, 99% used [0x00000000fe300000,0x00000000ff17f578,0x00000000ff180000)
  to   space 14848K, 0% used [0x00000000ff180000,0x00000000ff180000,0x0000000100000000)
 ParOldGen       total 175104K, used 26204K [0x00000000e0000000, 0x00000000eab00000, 0x00000000f5580000)
  object space 175104K, 14% used [0x00000000e0000000,0x00000000e1997360,0x00000000eab00000)
 Metaspace       used 57195K, capacity 59064K, committed 59096K, reserved 1099776K
  class space    used 7863K, capacity 8318K, committed 8320K, reserved 1048576K
Event: 17.872 GC heap after
Heap after GC invocations=12 (full 2):
 PSYoungGen      total 145408K, used 14817K [0x00000000f5580000, 0x0000000100000000, 0x0000000100000000)
  eden space 130560K, 0% used [0x00000000f5580000,0x00000000f5580000,0x00000000fd500000)
  from space 14848K, 99% used [0x00000000ff180000,0x00000000ffff86d0,0x0000000100000000)
  to   space 22016K, 0% used [0x00000000fd500000,0x00000000fd500000,0x00000000fea80000)
 ParOldGen       total 175104K, used 32205K [0x00000000e0000000, 0x00000000eab00000, 0x00000000f5580000)
  object space 175104K, 18% used [0x00000000e0000000,0x00000000e1f73478,0x00000000eab00000)
 Metaspace       used 57195K, capacity 59064K, committed 59096K, reserved 1099776K
  class space    used 7863K, capacity 8318K, committed 8320K, reserved 1048576K
}
Event: 17.872 GC heap before
{Heap before GC invocations=13 (full 3):
 PSYoungGen      total 145408K, used 14817K [0x00000000f5580000, 0x0000000100000000, 0x0000000100000000)
  eden space 130560K, 0% used [0x00000000f5580000,0x00000000f5580000,0x00000000fd500000)
  from space 14848K, 99% used [0x00000000ff180000,0x00000000ffff86d0,0x0000000100000000)
  to   space 22016K, 0% used [0x00000000fd500000,0x00000000fd500000,0x00000000fea80000)
 ParOldGen       total 175104K, used 32205K [0x00000000e0000000, 0x00000000eab00000, 0x00000000f5580000)
  object space 175104K, 18% used [0x00000000e0000000,0x00000000e1f73478,0x00000000eab00000)
 Metaspace       used 57195K, capacity 59064K, committed 59096K, reserved 1099776K
  class space    used 7863K, capacity 8318K, committed 8320K, reserved 1048576K
Event: 18.263 GC heap after
Heap after GC invocations=13 (full 3):
 PSYoungGen      total 145408K, used 0K [0x00000000f5580000, 0x0000000100000000, 0x0000000100000000)
  eden space 130560K, 0% used [0x00000000f5580000,0x00000000f5580000,0x00000000fd500000)
  from space 14848K, 0% used [0x00000000ff180000,0x00000000ff180000,0x0000000100000000)
  to   space 22016K, 0% used [0x00000000fd500000,0x00000000fd500000,0x00000000fea80000)
 ParOldGen       total 230912K, used 35544K [0x00000000e0000000, 0x00000000ee180000, 0x00000000f5580000)
  object space 230912K, 15% used [0x00000000e0000000,0x00000000e22b6218,0x00000000ee180000)
 Metaspace       used 57195K, capacity 59064K, committed 59096K, reserved 1099776K
  class space    used 7863K, capacity 8318K, committed 8320K, reserved 1048576K
}
Event: 20.853 GC heap before
{Heap before GC invocations=14 (full 3):
 PSYoungGen      total 145408K, used 130560K [0x00000000f5580000, 0x0000000100000000, 0x0000000100000000)
  eden space 130560K, 100% used [0x00000000f5580000,0x00000000fd500000,0x00000000fd500000)
  from space 14848K, 0% used [0x00000000ff180000,0x00000000ff180000,0x0000000100000000)
  to   space 22016K, 0% used [0x00000000fd500000,0x00000000fd500000,0x00000000fea80000)
 ParOldGen       total 230912K, used 35544K [0x00000000e0000000, 0x00000000ee180000, 0x00000000f5580000)
  object space 230912K, 15% used [0x00000000e0000000,0x00000000e22b6218,0x00000000ee180000)
 Metaspace       used 59292K, capacity 61488K, committed 61696K, reserved 1101824K
  class space    used 8138K, capacity 8632K, committed 8704K, reserved 1048576K
Event: 20.869 GC heap after
Heap after GC invocations=14 (full 3):
 PSYoungGen      total 152576K, used 10855K [0x00000000f5580000, 0x0000000100000000, 0x0000000100000000)
  eden space 130560K, 0% used [0x00000000f5580000,0x00000000f5580000,0x00000000fd500000)
  from space 22016K, 49% used [0x00000000fd500000,0x00000000fdf99f20,0x00000000fea80000)
  to   space 20992K, 0% used [0x00000000feb80000,0x00000000feb80000,0x0000000100000000)
 ParOldGen       total 230912K, used 35552K [0x00000000e0000000, 0x00000000ee180000, 0x00000000f5580000)
  object space 230912K, 15% used [0x00000000e0000000,0x00000000e22b8218,0x00000000ee180000)
 Metaspace       used 59292K, capacity 61488K, committed 61696K, reserved 1101824K
  class space    used 8138K, capacity 8632K, committed 8704K, reserved 1048576K
}
Event: 23.603 GC heap before
{Heap before GC invocations=15 (full 3):
 PSYoungGen      total 152576K, used 141415K [0x00000000f5580000, 0x0000000100000000, 0x0000000100000000)
  eden space 130560K, 100% used [0x00000000f5580000,0x00000000fd500000,0x00000000fd500000)
  from space 22016K, 49% used [0x00000000fd500000,0x00000000fdf99f20,0x00000000fea80000)
  to   space 20992K, 0% used [0x00000000feb80000,0x00000000feb80000,0x0000000100000000)
 ParOldGen       total 230912K, used 35552K [0x00000000e0000000, 0x00000000ee180000, 0x00000000f5580000)
  object space 230912K, 15% used [0x00000000e0000000,0x00000000e22b8218,0x00000000ee180000)
 Metaspace       used 62756K, capacity 65156K, committed 65280K, reserved 1105920K
  class space    used 8595K, capacity 9134K, committed 9216K, reserved 1048576K
Event: 23.625 GC heap after
Heap after GC invocations=15 (full 3):
 PSYoungGen      total 151552K, used 16840K [0x00000000f5580000, 0x0000000100000000, 0x0000000100000000)
  eden space 130560K, 0% used [0x00000000f5580000,0x00000000f5580000,0x00000000fd500000)
  from space 20992K, 80% used [0x00000000feb80000,0x00000000ffbf2280,0x0000000100000000)
  to   space 22016K, 0% used [0x00000000fd500000,0x00000000fd500000,0x00000000fea80000)
 ParOldGen       total 230912K, used 35560K [0x00000000e0000000, 0x00000000ee180000, 0x00000000f5580000)
  object space 230912K, 15% used [0x00000000e0000000,0x00000000e22ba218,0x00000000ee180000)
 Metaspace       used 62756K, capacity 65156K, committed 65280K, reserved 1105920K
  class space    used 8595K, capacity 9134K, committed 9216K, reserved 1048576K
}

