# JRE version: OpenJDK Runtime Environment (8.0_212-b04) (build 1.8.0_212-release-1586-b04)
# Java VM: OpenJDK 64-Bit Server VM (25.212-b04 mixed mode windows-amd64 compressed oops)
Heap:
 PSYoungGen      total 122368K, used 115626K [0x00000000f5580000, 0x00000000fd880000, 0x0000000100000000)
  eden space 110080K, 93% used [0x00000000f5580000,0x00000000fba71a48,0x00000000fc100000)
  from space 12288K, 99% used [0x00000000fcc80000,0x00000000fd879020,0x00000000fd880000)
  to   space 11776K, 0% used [0x00000000fc100000,0x00000000fc100000,0x00000000fcc80000)
 ParOldGen       total 175104K, used 20615K [0x00000000e0000000, 0x00000000eab00000, 0x00000000f5580000)
  object space 175104K, 11% used [0x00000000e0000000,0x00000000e1421ec8,0x00000000eab00000)
 Metaspace       used 51976K, capacity 53742K, committed 53888K, reserved 1095680K
  class space    used 7104K, capacity 7539K, committed 7552K, reserved 1048576K
GC Heap History (10 events):
Event: 5.224 GC heap before
{Heap before GC invocations=6 (full 1):
 PSYoungGen      total 76288K, used 65536K [0x00000000f5580000, 0x00000000fea80000, 0x0000000100000000)
  eden space 65536K, 100% used [0x00000000f5580000,0x00000000f9580000,0x00000000f9580000)
  from space 10752K, 0% used [0x00000000fa000000,0x00000000fa000000,0x00000000faa80000)
  to   space 10752K, 0% used [0x00000000f9580000,0x00000000f9580000,0x00000000fa000000)
 ParOldGen       total 175104K, used 7856K [0x00000000e0000000, 0x00000000eab00000, 0x00000000f5580000)
  object space 175104K, 4% used [0x00000000e0000000,0x00000000e07ac298,0x00000000eab00000)
 Metaspace       used 29046K, capacity 29548K, committed 29696K, reserved 1075200K
  class space    used 3913K, capacity 4067K, committed 4096K, reserved 1048576K
Event: 5.233 GC heap after
Heap after GC invocations=6 (full 1):
 PSYoungGen      total 76288K, used 8168K [0x00000000f5580000, 0x00000000fd880000, 0x0000000100000000)
  eden space 65536K, 0% used [0x00000000f5580000,0x00000000f5580000,0x00000000f9580000)
  from space 10752K, 75% used [0x00000000f9580000,0x00000000f9d7a240,0x00000000fa000000)
  to   space 12288K, 0% used [0x00000000fcc80000,0x00000000fcc80000,0x00000000fd880000)
 ParOldGen       total 175104K, used 7864K [0x00000000e0000000, 0x00000000eab00000, 0x00000000f5580000)
  object space 175104K, 4% used [0x00000000e0000000,0x00000000e07ae298,0x00000000eab00000)
 Metaspace       used 29046K, capacity 29548K, committed 29696K, reserved 1075200K
  class space    used 3913K, capacity 4067K, committed 4096K, reserved 1048576K
}
Event: 6.277 GC heap before
{Heap before GC invocations=7 (full 1):
 PSYoungGen      total 76288K, used 73704K [0x00000000f5580000, 0x00000000fd880000, 0x0000000100000000)
  eden space 65536K, 100% used [0x00000000f5580000,0x00000000f9580000,0x00000000f9580000)
  from space 10752K, 75% used [0x00000000f9580000,0x00000000f9d7a240,0x00000000fa000000)
  to   space 12288K, 0% used [0x00000000fcc80000,0x00000000fcc80000,0x00000000fd880000)
 ParOldGen       total 175104K, used 7864K [0x00000000e0000000, 0x00000000eab00000, 0x00000000f5580000)
  object space 175104K, 4% used [0x00000000e0000000,0x00000000e07ae298,0x00000000eab00000)
 Metaspace       used 31906K, capacity 32548K, committed 32896K, reserved 1077248K
  class space    used 4374K, capacity 4619K, committed 4736K, reserved 1048576K
Event: 6.311 GC heap after
Heap after GC invocations=7 (full 1):
 PSYoungGen      total 122368K, used 8337K [0x00000000f5580000, 0x00000000fd880000, 0x0000000100000000)
  eden space 110080K, 0% used [0x00000000f5580000,0x00000000f5580000,0x00000000fc100000)
  from space 12288K, 67% used [0x00000000fcc80000,0x00000000fd4a4640,0x00000000fd880000)
  to   space 11776K, 0% used [0x00000000fc100000,0x00000000fc100000,0x00000000fcc80000)
 ParOldGen       total 175104K, used 7872K [0x00000000e0000000, 0x00000000eab00000, 0x00000000f5580000)
  object space 175104K, 4% used [0x00000000e0000000,0x00000000e07b0298,0x00000000eab00000)
 Metaspace       used 31906K, capacity 32548K, committed 32896K, reserved 1077248K
  class space    used 4374K, capacity 4619K, committed 4736K, reserved 1048576K
}
Event: 7.454 GC heap before
{Heap before GC invocations=8 (full 1):
 PSYoungGen      total 122368K, used 72353K [0x00000000f5580000, 0x00000000fd880000, 0x0000000100000000)
  eden space 110080K, 58% used [0x00000000f5580000,0x00000000f9403e50,0x00000000fc100000)
  from space 12288K, 67% used [0x00000000fcc80000,0x00000000fd4a4640,0x00000000fd880000)
  to   space 11776K, 0% used [0x00000000fc100000,0x00000000fc100000,0x00000000fcc80000)
 ParOldGen       total 175104K, used 7872K [0x00000000e0000000, 0x00000000eab00000, 0x00000000f5580000)
  object space 175104K, 4% used [0x00000000e0000000,0x00000000e07b0298,0x00000000eab00000)
 Metaspace       used 34575K, capacity 35430K, committed 35456K, reserved 1079296K
  class space    used 4746K, capacity 4988K, committed 4992K, reserved 1048576K
Event: 7.472 GC heap after
Heap after GC invocations=8 (full 1):
 PSYoungGen      total 121856K, used 10949K [0x00000000f5580000, 0x00000000fd880000, 0x0000000100000000)
  eden space 110080K, 0% used [0x00000000f5580000,0x00000000f5580000,0x00000000fc100000)
  from space 11776K, 92% used [0x00000000fc100000,0x00000000fcbb16f8,0x00000000fcc80000)
  to   space 12288K, 0% used [0x00000000fcc80000,0x00000000fcc80000,0x00000000fd880000)
 ParOldGen       total 175104K, used 7880K [0x00000000e0000000, 0x00000000eab00000, 0x00000000f5580000)
  object space 175104K, 4% used [0x00000000e0000000,0x00000000e07b2298,0x00000000eab00000)
 Metaspace       used 34575K, capacity 35430K, committed 35456K, reserved 1079296K
  class space    used 4746K, capacity 4988K, committed 4992K, reserved 1048576K
}
Event: 7.472 GC heap before
{Heap before GC invocations=9 (full 2):
 PSYoungGen      total 121856K, used 10949K [0x00000000f5580000, 0x00000000fd880000, 0x0000000100000000)
  eden space 110080K, 0% used [0x00000000f5580000,0x00000000f5580000,0x00000000fc100000)
  from space 11776K, 92% used [0x00000000fc100000,0x00000000fcbb16f8,0x00000000fcc80000)
  to   space 12288K, 0% used [0x00000000fcc80000,0x00000000fcc80000,0x00000000fd880000)
 ParOldGen       total 175104K, used 7880K [0x00000000e0000000, 0x00000000eab00000, 0x00000000f5580000)
  object space 175104K, 4% used [0x00000000e0000000,0x00000000e07b2298,0x00000000eab00000)
 Metaspace       used 34575K, capacity 35430K, committed 35456K, reserved 1079296K
  class space    used 4746K, capacity 4988K, committed 4992K, reserved 1048576K
Event: 7.602 GC heap after
Heap after GC invocations=9 (full 2):
 PSYoungGen      total 121856K, used 0K [0x00000000f5580000, 0x00000000fd880000, 0x0000000100000000)
  eden space 110080K, 0% used [0x00000000f5580000,0x00000000f5580000,0x00000000fc100000)
  from space 11776K, 0% used [0x00000000fc100000,0x00000000fc100000,0x00000000fcc80000)
  to   space 12288K, 0% used [0x00000000fcc80000,0x00000000fcc80000,0x00000000fd880000)
 ParOldGen       total 175104K, used 17722K [0x00000000e0000000, 0x00000000eab00000, 0x00000000f5580000)
  object space 175104K, 10% used [0x00000000e0000000,0x00000000e114ea40,0x00000000eab00000)
 Metaspace       used 34572K, capacity 35418K, committed 35456K, reserved 1079296K
  class space    used 4745K, capacity 4986K, committed 4992K, reserved 1048576K
}
Event: 9.745 GC heap before
{Heap before GC invocations=10 (full 2):
 PSYoungGen      total 121856K, used 110080K [0x00000000f5580000, 0x00000000fd880000, 0x0000000100000000)
  eden space 110080K, 100% used [0x00000000f5580000,0x00000000fc100000,0x00000000fc100000)
  from space 11776K, 0% used [0x00000000fc100000,0x00000000fc100000,0x00000000fcc80000)
  to   space 12288K, 0% used [0x00000000fcc80000,0x00000000fcc80000,0x00000000fd880000)
 ParOldGen       total 175104K, used 17722K [0x00000000e0000000, 0x00000000eab00000, 0x00000000f5580000)
  object space 175104K, 10% used [0x00000000e0000000,0x00000000e114ea40,0x00000000eab00000)
 Metaspace       used 45394K, capacity 46550K, committed 46720K, reserved 1089536K
  class space    used 6098K, capacity 6425K, committed 6528K, reserved 1048576K
Event: 9.769 GC heap after
Heap after GC invocations=10 (full 2):
 PSYoungGen      total 122368K, used 12260K [0x00000000f5580000, 0x00000000fd880000, 0x0000000100000000)
  eden space 110080K, 0% used [0x00000000f5580000,0x00000000f5580000,0x00000000fc100000)
  from space 12288K, 99% used [0x00000000fcc80000,0x00000000fd879020,0x00000000fd880000)
  to   space 11776K, 0% used [0x00000000fc100000,0x00000000fc100000,0x00000000fcc80000)
 ParOldGen       total 175104K, used 20615K [0x00000000e0000000, 0x00000000eab00000, 0x00000000f5580000)
  object space 175104K, 11% used [0x00000000e0000000,0x00000000e1421ec8,0x00000000eab00000)
 Metaspace       used 45394K, capacity 46550K, committed 46720K, reserved 1089536K
  class space    used 6098K, capacity 6425K, committed 6528K, reserved 1048576K
}

